<?xml version="1.0" encoding="UTF-8"?>
<testng-results skipped="0" failed="0" ignored="0" total="1" passed="1">
  <reporter-output>
  </reporter-output>
  <suite name="Suite" duration-ms="20578" started-at="2022-04-03T00:33:58 IST" finished-at="2022-04-03T00:34:18 IST">
    <groups>
    </groups>
    <test name="Test" duration-ms="20578" started-at="2022-04-03T00:33:58 IST" finished-at="2022-04-03T00:34:18 IST">
      <class name="com.orangeHRM.testcases.LoginPageTest">
        <test-method status="PASS" signature="initiateBrowser()[pri:0, instance:com.orangeHRM.testcases.LoginPageTest@fcd6521]" name="initiateBrowser" is-config="true" duration-ms="12184" started-at="2022-04-03T00:33:58 IST" finished-at="2022-04-03T00:34:10 IST">
          <reporter-output>
          </reporter-output>
        </test-method> <!-- initiateBrowser -->
        <test-method status="PASS" signature="verifyLogin()[pri:0, instance:com.orangeHRM.testcases.LoginPageTest@fcd6521]" name="verifyLogin" duration-ms="8303" started-at="2022-04-03T00:34:10 IST" finished-at="2022-04-03T00:34:18 IST">
          <reporter-output>
          </reporter-output>
        </test-method> <!-- verifyLogin -->
        <test-method status="PASS" signature="tearDown()[pri:0, instance:com.orangeHRM.testcases.LoginPageTest@fcd6521]" name="tearDown" is-config="true" duration-ms="2" started-at="2022-04-03T00:34:18 IST" finished-at="2022-04-03T00:34:18 IST">
          <reporter-output>
          </reporter-output>
        </test-method> <!-- tearDown -->
      </class> <!-- com.orangeHRM.testcases.LoginPageTest -->
    </test> <!-- Test -->
  </suite> <!-- Suite -->
</testng-results>
